<?xml version="1.0" encoding="UTF-8"?>
<testng-results ignored="0" total="1" passed="1" failed="0" skipped="0">
  <reporter-output>
  </reporter-output>
  <suite started-at="2019-02-05T19:01:16Z" name="Default suite" finished-at="2019-02-05T19:01:20Z" duration-ms="3984">
    <groups>
      <group name="cucumber">
        <method signature="AbstractTestNGCucumberTests.feature(cucumber.api.testng.CucumberFeatureWrapper)[pri:0, instance:runner.TestRunner@4e268090]" name="feature" class="cucumber.api.testng.AbstractTestNGCucumberTests"/>
      </group> <!-- cucumber -->
    </groups>
    <test started-at="2019-02-05T19:01:16Z" name="Default test" finished-at="2019-02-05T19:01:20Z" duration-ms="3984">
      <class name="runner.TestRunner">
        <test-method is-config="true" signature="beforeSuite()[pri:0, instance:runner.TestRunner@4e268090]" started-at="2019-02-05T19:01:13Z" name="beforeSuite" finished-at="2019-02-05T19:01:16Z" duration-ms="2499" status="PASS">
          <reporter-output>
          </reporter-output>
        </test-method> <!-- beforeSuite -->
        <test-method is-config="true" signature="setUpClass()[pri:0, instance:runner.TestRunner@4e268090]" started-at="2019-02-05T19:01:16Z" name="setUpClass" finished-at="2019-02-05T19:01:16Z" duration-ms="246" status="PASS">
          <reporter-output>
          </reporter-output>
        </test-method> <!-- setUpClass -->
        <test-method signature="feature(cucumber.api.testng.CucumberFeatureWrapper)[pri:0, instance:runner.TestRunner@4e268090]" started-at="2019-02-05T19:01:16Z" name="feature" description="Runs Cucumber Feature" data-provider="features" finished-at="2019-02-05T19:01:20Z" duration-ms="3486" status="PASS">
          <params>
            <param index="0">
              <value>
                <![CDATA[SignOn Feature]]>
              </value>
            </param>
          </params>
          <reporter-output>
          </reporter-output>
        </test-method> <!-- feature -->
        <test-method is-config="true" signature="afterClass()[pri:0, instance:runner.TestRunner@4e268090]" started-at="2019-02-05T19:01:20Z" name="afterClass" finished-at="2019-02-05T19:01:20Z" duration-ms="125" status="PASS">
          <reporter-output>
          </reporter-output>
        </test-method> <!-- afterClass -->
        <test-method is-config="true" signature="tearDownClass()[pri:0, instance:runner.TestRunner@4e268090]" started-at="2019-02-05T19:01:20Z" name="tearDownClass" finished-at="2019-02-05T19:01:20Z" duration-ms="4" status="PASS">
          <reporter-output>
          </reporter-output>
        </test-method> <!-- tearDownClass -->
      </class> <!-- runner.TestRunner -->
    </test> <!-- Default test -->
  </suite> <!-- Default suite -->
</testng-results>
